\BOOKMARK [1][-]{section.1}{Project Description}{}% 1
\BOOKMARK [2][-]{subsection.1.1}{Introduction}{section.1}% 2
\BOOKMARK [2][-]{subsection.1.2}{Background and Terminology}{section.1}% 3
\BOOKMARK [3][-]{subsubsection.1.2.1}{Types of HAI}{subsection.1.2}% 4
\BOOKMARK [3][-]{subsubsection.1.2.2}{Terminology}{subsection.1.2}% 5
\BOOKMARK [3][-]{subsubsection.1.2.3}{IDEA4PS Dataset}{subsection.1.2}% 6
\BOOKMARK [3][-]{subsubsection.1.2.4}{Interventions}{subsection.1.2}% 7
\BOOKMARK [2][-]{subsection.1.3}{Motivating Problems and Challenges}{section.1}% 8
\BOOKMARK [2][-]{subsection.1.4}{Technical Approach}{section.1}% 9
\BOOKMARK [2][-]{subsection.1.5}{System Evaluation}{section.1}% 10
\BOOKMARK [2][-]{subsection.1.6}{Comparison of Our Approach to Related Work}{section.1}% 11
\BOOKMARK [2][-]{subsection.1.7}{Community Outreach and Education}{section.1}% 12
\BOOKMARK [2][-]{subsection.1.8}{Results from Prior NSF Support}{section.1}% 13
\BOOKMARK [2][-]{subsection.1.9}{Collaboration Plan}{section.1}% 14
\BOOKMARK [1][-]{section.2}{Budget Justification}{}% 15
\BOOKMARK [2][-]{subsection.2.1}{A. Senior Personnel}{section.2}% 16
\BOOKMARK [2][-]{subsection.2.2}{B. Other Personnel}{section.2}% 17
\BOOKMARK [2][-]{subsection.2.3}{C. Fringe Benefits}{section.2}% 18
\BOOKMARK [2][-]{subsection.2.4}{E. Travel}{section.2}% 19
\BOOKMARK [2][-]{subsection.2.5}{G. Other Direct Costs}{section.2}% 20
\BOOKMARK [2][-]{subsection.2.6}{H. Indirect Costs}{section.2}% 21
\BOOKMARK [1][-]{section.3}{Current \046 Pending Support}{}% 22
\BOOKMARK [1][-]{section.4}{Facilities, Equipments, \046 other Resources}{}% 23
\BOOKMARK [1][-]{section.5}{Data Management Plan}{}% 24
